<?xml version="1.0" encoding="UTF-8"?>
<!-- Generated by org.testng.reporters.JUnitReportReporter -->
<testsuite hostname="DESKTOP-L6DMJ84" failures="0" tests="2" name="rahulshettyacademy.Base2" time="13.743" errors="0" timestamp="2023-03-01T13:51:29 IST" skipped="0">
  <testcase classname="rahulshettyacademy.Base2" name="teardown" time="1.232"/>
  <system-out/>
  <testcase classname="rahulshettyacademy.Base2" name="launch" time="12.511"/>
  <system-out/>
</testsuite> <!-- rahulshettyacademy.Base2 -->
